<?xml version="1.0" encoding="UTF-8"?>
<!-- Generated by org.testng.reporters.JUnitReportReporter -->
<testsuite skipped="0" hostname="AUSMEL106839L" name="business.NewTest" tests="1" failures="0" timestamp="18 Jul 2018 02:41:46 GMT" time="0.308" errors="0">
  <testcase name="Login" time="0.308" classname="business.NewTest"/>
</testsuite> <!-- business.NewTest -->
