<?xml version="1.0" encoding="UTF-8"?>
<!-- Generated by org.testng.reporters.JUnitReportReporter -->
<testsuite skipped="0" hostname="AUSMEL106839L" name="seleniumtesting.Testing" tests="1" failures="0" timestamp="12 Jul 2018 07:28:47 GMT" time="0.758" errors="0">
  <testcase name="Login" time="0.758" classname="seleniumtesting.Testing"/>
</testsuite> <!-- seleniumtesting.Testing -->
