<?xml version="1.0" encoding="UTF-8"?>
<!-- Generated by org.testng.reporters.JUnitReportReporter -->
<testsuite skipped="1" hostname="DESKTOP-6A9STC6" name="business.NewTest" tests="1" failures="0" timestamp="24 Jul 2018 12:41:12 GMT" time="0.000" errors="0">
  <testcase name="Login" time="0.000" classname="business.NewTest">
    <skipped/>
  </testcase> <!-- Login -->
</testsuite> <!-- business.NewTest -->
